<?xml version="1.0" encoding="UTF-8"?>
<testsuite xmlns:xsi="http://www.w3.org/2001/XMLSchema-instance" xsi:noNamespaceSchemaLocation="https://maven.apache.org/surefire/maven-surefire-plugin/xsd/surefire-test-report.xsd" name="TestSuite" time="13.927" tests="24" errors="0" skipped="16" failures="8">
  <properties>
    <property name="sun.desktop" value="windows"/>
    <property name="awt.toolkit" value="sun.awt.windows.WToolkit"/>
    <property name="file.encoding.pkg" value="sun.io"/>
    <property name="java.specification.version" value="1.8"/>
    <property name="sun.cpu.isalist" value="amd64"/>
    <property name="sun.jnu.encoding" value="Cp1252"/>
    <property name="java.class.path" value="C:\Users\w_ahs\eclipse-workspace\TestNG_Hybrid_TutorialsNinja\target\test-classes;C:\Users\w_ahs\eclipse-workspace\TestNG_Hybrid_TutorialsNinja\target\classes;C:\Users\w_ahs\.m2\repository\com\github\ralfstuckert\pdfbox-layout\pdfbox2-layout\1.0.1\pdfbox2-layout-1.0.1.jar;C:\Users\w_ahs\.m2\repository\org\apache\pdfbox\pdfbox\2.0.4\pdfbox-2.0.4.jar;C:\Users\w_ahs\.m2\repository\org\apache\pdfbox\fontbox\2.0.4\fontbox-2.0.4.jar;C:\Program Files\Java\jdk1.8.0_333\lib\tools.jar;C:\Users\w_ahs\.m2\repository\org\seleniumhq\selenium\selenium-java\4.8.3\selenium-java-4.8.3.jar;C:\Users\w_ahs\.m2\repository\org\seleniumhq\selenium\selenium-api\4.8.3\selenium-api-4.8.3.jar;C:\Users\w_ahs\.m2\repository\org\seleniumhq\selenium\selenium-chrome-driver\4.8.3\selenium-chrome-driver-4.8.3.jar;C:\Users\w_ahs\.m2\repository\com\google\auto\service\auto-service-annotations\1.0.1\auto-service-annotations-1.0.1.jar;C:\Users\w_ahs\.m2\repository\com\google\auto\service\auto-service\1.0.1\auto-service-1.0.1.jar;C:\Users\w_ahs\.m2\repository\com\google\auto\auto-common\1.2\auto-common-1.2.jar;C:\Users\w_ahs\.m2\repository\com\google\guava\guava\31.1-jre\guava-31.1-jre.jar;C:\Users\w_ahs\.m2\repository\com\google\guava\failureaccess\1.0.1\failureaccess-1.0.1.jar;C:\Users\w_ahs\.m2\repository\com\google\guava\listenablefuture\9999.0-empty-to-avoid-conflict-with-guava\listenablefuture-9999.0-empty-to-avoid-conflict-with-guava.jar;C:\Users\w_ahs\.m2\repository\org\checkerframework\checker-qual\3.12.0\checker-qual-3.12.0.jar;C:\Users\w_ahs\.m2\repository\com\google\errorprone\error_prone_annotations\2.11.0\error_prone_annotations-2.11.0.jar;C:\Users\w_ahs\.m2\repository\com\google\j2objc\j2objc-annotations\1.3\j2objc-annotations-1.3.jar;C:\Users\w_ahs\.m2\repository\org\seleniumhq\selenium\selenium-chromium-driver\4.8.3\selenium-chromium-driver-4.8.3.jar;C:\Users\w_ahs\.m2\repository\org\seleniumhq\selenium\selenium-json\4.8.3\selenium-json-4.8.3.jar;C:\Users\w_ahs\.m2\repository\org\seleniumhq\selenium\selenium-manager\4.8.3\selenium-manager-4.8.3.jar;C:\Users\w_ahs\.m2\repository\org\seleniumhq\selenium\selenium-devtools-v109\4.8.3\selenium-devtools-v109-4.8.3.jar;C:\Users\w_ahs\.m2\repository\org\seleniumhq\selenium\selenium-devtools-v110\4.8.3\selenium-devtools-v110-4.8.3.jar;C:\Users\w_ahs\.m2\repository\org\seleniumhq\selenium\selenium-devtools-v111\4.8.3\selenium-devtools-v111-4.8.3.jar;C:\Users\w_ahs\.m2\repository\org\seleniumhq\selenium\selenium-devtools-v85\4.8.3\selenium-devtools-v85-4.8.3.jar;C:\Users\w_ahs\.m2\repository\org\seleniumhq\selenium\selenium-edge-driver\4.8.3\selenium-edge-driver-4.8.3.jar;C:\Users\w_ahs\.m2\repository\org\seleniumhq\selenium\selenium-firefox-driver\4.8.3\selenium-firefox-driver-4.8.3.jar;C:\Users\w_ahs\.m2\repository\org\seleniumhq\selenium\selenium-http\4.8.3\selenium-http-4.8.3.jar;C:\Users\w_ahs\.m2\repository\dev\failsafe\failsafe\3.3.1\failsafe-3.3.1.jar;C:\Users\w_ahs\.m2\repository\org\seleniumhq\selenium\selenium-ie-driver\4.8.3\selenium-ie-driver-4.8.3.jar;C:\Users\w_ahs\.m2\repository\org\seleniumhq\selenium\selenium-remote-driver\4.8.3\selenium-remote-driver-4.8.3.jar;C:\Users\w_ahs\.m2\repository\io\netty\netty-buffer\4.1.90.Final\netty-buffer-4.1.90.Final.jar;C:\Users\w_ahs\.m2\repository\io\netty\netty-codec-http\4.1.90.Final\netty-codec-http-4.1.90.Final.jar;C:\Users\w_ahs\.m2\repository\io\netty\netty-codec\4.1.90.Final\netty-codec-4.1.90.Final.jar;C:\Users\w_ahs\.m2\repository\io\netty\netty-handler\4.1.90.Final\netty-handler-4.1.90.Final.jar;C:\Users\w_ahs\.m2\repository\io\netty\netty-common\4.1.90.Final\netty-common-4.1.90.Final.jar;C:\Users\w_ahs\.m2\repository\io\netty\netty-transport-classes-epoll\4.1.90.Final\netty-transport-classes-epoll-4.1.90.Final.jar;C:\Users\w_ahs\.m2\repository\io\netty\netty-transport-classes-kqueue\4.1.90.Final\netty-transport-classes-kqueue-4.1.90.Final.jar;C:\Users\w_ahs\.m2\repository\io\netty\netty-transport-native-epoll\4.1.90.Final\netty-transport-native-epoll-4.1.90.Final.jar;C:\Users\w_ahs\.m2\repository\io\netty\netty-transport-native-kqueue\4.1.90.Final\netty-transport-native-kqueue-4.1.90.Final.jar;C:\Users\w_ahs\.m2\repository\io\netty\netty-transport-native-unix-common\4.1.90.Final\netty-transport-native-unix-common-4.1.90.Final.jar;C:\Users\w_ahs\.m2\repository\io\netty\netty-transport\4.1.90.Final\netty-transport-4.1.90.Final.jar;C:\Users\w_ahs\.m2\repository\io\netty\netty-resolver\4.1.90.Final\netty-resolver-4.1.90.Final.jar;C:\Users\w_ahs\.m2\repository\io\opentelemetry\opentelemetry-api\1.24.0\opentelemetry-api-1.24.0.jar;C:\Users\w_ahs\.m2\repository\io\opentelemetry\opentelemetry-context\1.24.0\opentelemetry-context-1.24.0.jar;C:\Users\w_ahs\.m2\repository\io\opentelemetry\opentelemetry-exporter-logging\1.24.0\opentelemetry-exporter-logging-1.24.0.jar;C:\Users\w_ahs\.m2\repository\io\opentelemetry\opentelemetry-sdk-metrics\1.24.0\opentelemetry-sdk-metrics-1.24.0.jar;C:\Users\w_ahs\.m2\repository\io\opentelemetry\opentelemetry-sdk-logs\1.24.0-alpha\opentelemetry-sdk-logs-1.24.0-alpha.jar;C:\Users\w_ahs\.m2\repository\io\opentelemetry\opentelemetry-api-logs\1.24.0-alpha\opentelemetry-api-logs-1.24.0-alpha.jar;C:\Users\w_ahs\.m2\repository\io\opentelemetry\opentelemetry-api-events\1.24.0-alpha\opentelemetry-api-events-1.24.0-alpha.jar;C:\Users\w_ahs\.m2\repository\io\opentelemetry\opentelemetry-sdk-common\1.24.0\opentelemetry-sdk-common-1.24.0.jar;C:\Users\w_ahs\.m2\repository\io\opentelemetry\opentelemetry-sdk-extension-autoconfigure-spi\1.24.0\opentelemetry-sdk-extension-autoconfigure-spi-1.24.0.jar;C:\Users\w_ahs\.m2\repository\io\opentelemetry\opentelemetry-sdk-extension-autoconfigure\1.24.0-alpha\opentelemetry-sdk-extension-autoconfigure-1.24.0-alpha.jar;C:\Users\w_ahs\.m2\repository\io\opentelemetry\opentelemetry-sdk-trace\1.24.0\opentelemetry-sdk-trace-1.24.0.jar;C:\Users\w_ahs\.m2\repository\io\opentelemetry\opentelemetry-sdk\1.24.0\opentelemetry-sdk-1.24.0.jar;C:\Users\w_ahs\.m2\repository\io\opentelemetry\opentelemetry-semconv\1.24.0-alpha\opentelemetry-semconv-1.24.0-alpha.jar;C:\Users\w_ahs\.m2\repository\io\ous\jtoml\2.0.0\jtoml-2.0.0.jar;C:\Users\w_ahs\.m2\repository\net\bytebuddy\byte-buddy\1.14.2\byte-buddy-1.14.2.jar;C:\Users\w_ahs\.m2\repository\org\apache\commons\commons-exec\1.3\commons-exec-1.3.jar;C:\Users\w_ahs\.m2\repository\org\asynchttpclient\async-http-client\2.12.3\async-http-client-2.12.3.jar;C:\Users\w_ahs\.m2\repository\org\asynchttpclient\async-http-client-netty-utils\2.12.3\async-http-client-netty-utils-2.12.3.jar;C:\Users\w_ahs\.m2\repository\io\netty\netty-codec-socks\4.1.60.Final\netty-codec-socks-4.1.60.Final.jar;C:\Users\w_ahs\.m2\repository\io\netty\netty-handler-proxy\4.1.60.Final\netty-handler-proxy-4.1.60.Final.jar;C:\Users\w_ahs\.m2\repository\io\netty\netty-transport-native-epoll\4.1.60.Final\netty-transport-native-epoll-4.1.60.Final-linux-x86_64.jar;C:\Users\w_ahs\.m2\repository\io\netty\netty-transport-native-kqueue\4.1.60.Final\netty-transport-native-kqueue-4.1.60.Final-osx-x86_64.jar;C:\Users\w_ahs\.m2\repository\org\reactivestreams\reactive-streams\1.0.3\reactive-streams-1.0.3.jar;C:\Users\w_ahs\.m2\repository\com\typesafe\netty\netty-reactive-streams\2.0.4\netty-reactive-streams-2.0.4.jar;C:\Users\w_ahs\.m2\repository\com\sun\activation\jakarta.activation\1.2.2\jakarta.activation-1.2.2.jar;C:\Users\w_ahs\.m2\repository\org\seleniumhq\selenium\selenium-safari-driver\4.8.3\selenium-safari-driver-4.8.3.jar;C:\Users\w_ahs\.m2\repository\org\seleniumhq\selenium\selenium-support\4.8.3\selenium-support-4.8.3.jar;C:\Users\w_ahs\.m2\repository\org\testng\testng\7.5\testng-7.5.jar;C:\Users\w_ahs\.m2\repository\com\google\code\findbugs\jsr305\3.0.1\jsr305-3.0.1.jar;C:\Users\w_ahs\.m2\repository\org\slf4j\slf4j-api\1.7.32\slf4j-api-1.7.32.jar;C:\Users\w_ahs\.m2\repository\com\beust\jcommander\1.78\jcommander-1.78.jar;C:\Users\w_ahs\.m2\repository\org\webjars\jquery\3.5.1\jquery-3.5.1.jar;C:\Users\w_ahs\.m2\repository\io\appium\java-client\7.5.1\java-client-7.5.1.jar;C:\Users\w_ahs\.m2\repository\com\google\code\gson\gson\2.8.6\gson-2.8.6.jar;C:\Users\w_ahs\.m2\repository\org\apache\httpcomponents\httpclient\4.5.13\httpclient-4.5.13.jar;C:\Users\w_ahs\.m2\repository\org\apache\httpcomponents\httpcore\4.4.13\httpcore-4.4.13.jar;C:\Users\w_ahs\.m2\repository\cglib\cglib\3.3.0\cglib-3.3.0.jar;C:\Users\w_ahs\.m2\repository\commons-validator\commons-validator\1.7\commons-validator-1.7.jar;C:\Users\w_ahs\.m2\repository\commons-beanutils\commons-beanutils\1.9.4\commons-beanutils-1.9.4.jar;C:\Users\w_ahs\.m2\repository\commons-digester\commons-digester\2.1\commons-digester-2.1.jar;C:\Users\w_ahs\.m2\repository\org\apache\commons\commons-lang3\3.12.0\commons-lang3-3.12.0.jar;C:\Users\w_ahs\.m2\repository\org\springframework\spring-context\5.3.4\spring-context-5.3.4.jar;C:\Users\w_ahs\.m2\repository\org\springframework\spring-aop\5.3.4\spring-aop-5.3.4.jar;C:\Users\w_ahs\.m2\repository\org\springframework\spring-beans\5.3.4\spring-beans-5.3.4.jar;C:\Users\w_ahs\.m2\repository\org\springframework\spring-core\5.3.4\spring-core-5.3.4.jar;C:\Users\w_ahs\.m2\repository\org\springframework\spring-jcl\5.3.4\spring-jcl-5.3.4.jar;C:\Users\w_ahs\.m2\repository\org\springframework\spring-expression\5.3.4\spring-expression-5.3.4.jar;C:\Users\w_ahs\.m2\repository\org\aspectj\aspectjweaver\1.9.6\aspectjweaver-1.9.6.jar;C:\Users\w_ahs\.m2\repository\io\github\bonigarcia\webdrivermanager\5.7.0\webdrivermanager-5.7.0.jar;C:\Users\w_ahs\.m2\repository\com\github\docker-java\docker-java\3.3.5\docker-java-3.3.5.jar;C:\Users\w_ahs\.m2\repository\com\github\docker-java\docker-java-core\3.3.5\docker-java-core-3.3.5.jar;C:\Users\w_ahs\.m2\repository\com\github\docker-java\docker-java-api\3.3.5\docker-java-api-3.3.5.jar;C:\Users\w_ahs\.m2\repository\org\bouncycastle\bcpkix-jdk18on\1.76\bcpkix-jdk18on-1.76.jar;C:\Users\w_ahs\.m2\repository\org\bouncycastle\bcprov-jdk18on\1.76\bcprov-jdk18on-1.76.jar;C:\Users\w_ahs\.m2\repository\org\bouncycastle\bcutil-jdk18on\1.76\bcutil-jdk18on-1.76.jar;C:\Users\w_ahs\.m2\repository\org\slf4j\jcl-over-slf4j\1.7.30\jcl-over-slf4j-1.7.30.jar;C:\Users\w_ahs\.m2\repository\com\github\docker-java\docker-java-transport-httpclient5\3.3.5\docker-java-transport-httpclient5-3.3.5.jar;C:\Users\w_ahs\.m2\repository\com\github\docker-java\docker-java-transport\3.3.5\docker-java-transport-3.3.5.jar;C:\Users\w_ahs\.m2\repository\net\java\dev\jna\jna\5.13.0\jna-5.13.0.jar;C:\Users\w_ahs\.m2\repository\org\brotli\dec\0.1.2\dec-0.1.2.jar;C:\Users\w_ahs\.m2\repository\org\apache\commons\commons-compress\1.26.0\commons-compress-1.26.0.jar;C:\Users\w_ahs\.m2\repository\org\apache\httpcomponents\client5\httpclient5\5.2.1\httpclient5-5.2.1.jar;C:\Users\w_ahs\.m2\repository\org\apache\httpcomponents\core5\httpcore5\5.2\httpcore5-5.2.jar;C:\Users\w_ahs\.m2\repository\org\apache\httpcomponents\core5\httpcore5-h2\5.2\httpcore5-h2-5.2.jar;C:\Users\w_ahs\.m2\repository\io\cucumber\cucumber-core\6.10.4\cucumber-core-6.10.4.jar;C:\Users\w_ahs\.m2\repository\io\cucumber\cucumber-gherkin\6.10.4\cucumber-gherkin-6.10.4.jar;C:\Users\w_ahs\.m2\repository\io\cucumber\cucumber-gherkin-messages\6.10.4\cucumber-gherkin-messages-6.10.4.jar;C:\Users\w_ahs\.m2\repository\io\cucumber\messages\15.0.0\messages-15.0.0.jar;C:\Users\w_ahs\.m2\repository\io\cucumber\tag-expressions\3.0.1\tag-expressions-3.0.1.jar;C:\Users\w_ahs\.m2\repository\io\cucumber\cucumber-expressions\10.3.0\cucumber-expressions-10.3.0.jar;C:\Users\w_ahs\.m2\repository\io\cucumber\datatable\3.5.0\datatable-3.5.0.jar;C:\Users\w_ahs\.m2\repository\io\cucumber\cucumber-plugin\6.10.4\cucumber-plugin-6.10.4.jar;C:\Users\w_ahs\.m2\repository\io\cucumber\docstring\6.10.4\docstring-6.10.4.jar;C:\Users\w_ahs\.m2\repository\io\cucumber\html-formatter\13.0.0\html-formatter-13.0.0.jar;C:\Users\w_ahs\.m2\repository\io\cucumber\create-meta\4.0.0\create-meta-4.0.0.jar;C:\Users\w_ahs\.m2\repository\org\apiguardian\apiguardian-api\1.1.1\apiguardian-api-1.1.1.jar;C:\Users\w_ahs\.m2\repository\io\cucumber\cucumber-java\6.10.4\cucumber-java-6.10.4.jar;C:\Users\w_ahs\.m2\repository\io\cucumber\cucumber-junit\6.10.4\cucumber-junit-6.10.4.jar;C:\Users\w_ahs\.m2\repository\io\cucumber\cucumber-testng\6.10.4\cucumber-testng-6.10.4.jar;C:\Users\w_ahs\.m2\repository\io\cucumber\cucumber-jvm-deps\1.0.6\cucumber-jvm-deps-1.0.6.jar;C:\Users\w_ahs\.m2\repository\net\masterthought\cucumber-reporting\5.5.3\cucumber-reporting-5.5.3.jar;C:\Users\w_ahs\.m2\repository\com\fasterxml\jackson\core\jackson-databind\2.12.1\jackson-databind-2.12.1.jar;C:\Users\w_ahs\.m2\repository\com\fasterxml\jackson\core\jackson-annotations\2.12.1\jackson-annotations-2.12.1.jar;C:\Users\w_ahs\.m2\repository\com\fasterxml\jackson\core\jackson-core\2.12.1\jackson-core-2.12.1.jar;C:\Users\w_ahs\.m2\repository\com\fasterxml\jackson\datatype\jackson-datatype-jsr310\2.12.1\jackson-datatype-jsr310-2.12.1.jar;C:\Users\w_ahs\.m2\repository\org\apache\velocity\velocity-engine-core\2.2\velocity-engine-core-2.2.jar;C:\Users\w_ahs\.m2\repository\commons-collections\commons-collections\3.2.2\commons-collections-3.2.2.jar;C:\Users\w_ahs\.m2\repository\joda-time\joda-time\2.10.9\joda-time-2.10.9.jar;C:\Users\w_ahs\.m2\repository\org\codehaus\plexus\plexus-utils\3.3.0\plexus-utils-3.3.0.jar;C:\Users\w_ahs\.m2\repository\org\jsoup\jsoup\1.13.1\jsoup-1.13.1.jar;C:\Users\w_ahs\.m2\repository\com\googlecode\owasp-java-html-sanitizer\owasp-java-html-sanitizer\20200713.1\owasp-java-html-sanitizer-20200713.1.jar;C:\Users\w_ahs\.m2\repository\commons-configuration\commons-configuration\1.10\commons-configuration-1.10.jar;C:\Users\w_ahs\.m2\repository\commons-lang\commons-lang\2.6\commons-lang-2.6.jar;C:\Users\w_ahs\.m2\repository\org\hamcrest\hamcrest-core\2.2\hamcrest-core-2.2.jar;C:\Users\w_ahs\.m2\repository\org\hamcrest\hamcrest\2.2\hamcrest-2.2.jar;C:\Users\w_ahs\.m2\repository\io\cucumber\gherkin\5.1.0\gherkin-5.1.0.jar;C:\Users\w_ahs\.m2\repository\io\cucumber\gherkin-jvm-deps\1.0.4\gherkin-jvm-deps-1.0.4.jar;C:\Users\w_ahs\.m2\repository\net\sourceforge\cobertura\cobertura\2.1.1\cobertura-2.1.1.jar;C:\Users\w_ahs\.m2\repository\org\ow2\asm\asm\5.0.1\asm-5.0.1.jar;C:\Users\w_ahs\.m2\repository\org\ow2\asm\asm-tree\5.0.1\asm-tree-5.0.1.jar;C:\Users\w_ahs\.m2\repository\org\ow2\asm\asm-commons\5.0.1\asm-commons-5.0.1.jar;C:\Users\w_ahs\.m2\repository\org\ow2\asm\asm-util\5.0.1\asm-util-5.0.1.jar;C:\Users\w_ahs\.m2\repository\org\ow2\asm\asm-analysis\5.0.1\asm-analysis-5.0.1.jar;C:\Users\w_ahs\.m2\repository\oro\oro\2.0.8\oro-2.0.8.jar;C:\Users\w_ahs\.m2\repository\jaxen\jaxen\1.1.4\jaxen-1.1.4.jar;C:\Users\w_ahs\.m2\repository\org\apache\ant\ant\1.8.3\ant-1.8.3.jar;C:\Users\w_ahs\.m2\repository\org\apache\ant\ant-launcher\1.8.3\ant-launcher-1.8.3.jar;C:\Users\w_ahs\.m2\repository\org\apache\ant\ant-junit\1.8.3\ant-junit-1.8.3.jar;C:\Users\w_ahs\.m2\repository\org\mortbay\jetty\servlet-api-2.5\6.1.14\servlet-api-2.5-6.1.14.jar;C:\Users\w_ahs\.m2\repository\org\mortbay\jetty\jetty\6.1.14\jetty-6.1.14.jar;C:\Users\w_ahs\.m2\repository\org\mortbay\jetty\jetty-util\6.1.14\jetty-util-6.1.14.jar;C:\Users\w_ahs\.m2\repository\ch\qos\logback\logback-classic\1.0.13\logback-classic-1.0.13.jar;C:\Users\w_ahs\.m2\repository\ch\qos\logback\logback-core\1.0.13\logback-core-1.0.13.jar;C:\Users\w_ahs\.m2\repository\junit\junit\4.11\junit-4.11.jar;C:\Users\w_ahs\.m2\repository\org\apache\poi\poi-ooxml\4.1.1\poi-ooxml-4.1.1.jar;C:\Users\w_ahs\.m2\repository\com\github\virtuald\curvesapi\1.06\curvesapi-1.06.jar;C:\Users\w_ahs\.m2\repository\org\apache\poi\poi\4.1.1\poi-4.1.1.jar;C:\Users\w_ahs\.m2\repository\commons-codec\commons-codec\1.13\commons-codec-1.13.jar;C:\Users\w_ahs\.m2\repository\org\apache\commons\commons-collections4\4.4\commons-collections4-4.4.jar;C:\Users\w_ahs\.m2\repository\org\apache\commons\commons-math3\3.6.1\commons-math3-3.6.1.jar;C:\Users\w_ahs\.m2\repository\org\apache\poi\poi-ooxml-schemas\4.1.1\poi-ooxml-schemas-4.1.1.jar;C:\Users\w_ahs\.m2\repository\org\apache\xmlbeans\xmlbeans\3.1.0\xmlbeans-3.1.0.jar;C:\Users\w_ahs\.m2\repository\commons-io\commons-io\2.6\commons-io-2.6.jar;C:\Users\w_ahs\.m2\repository\org\apache\httpcomponents\fluent-hc\4.5.13\fluent-hc-4.5.13.jar;C:\Users\w_ahs\.m2\repository\commons-logging\commons-logging\1.2\commons-logging-1.2.jar;C:\Users\w_ahs\.m2\repository\org\apache\poi\poi-scratchpad\4.1.1\poi-scratchpad-4.1.1.jar;C:\Users\w_ahs\.m2\repository\org\apache\poi\openxml4j\1.0-beta\openxml4j-1.0-beta.jar;C:\Users\w_ahs\.m2\repository\dom4j\dom4j\1.6.1\dom4j-1.6.1.jar;C:\Users\w_ahs\.m2\repository\xml-apis\xml-apis\1.0.b2\xml-apis-1.0.b2.jar;C:\Users\w_ahs\.m2\repository\log4j\log4j\1.2.8\log4j-1.2.8.jar;C:\Users\w_ahs\.m2\repository\com\googlecode\json-simple\json-simple\1.1.1\json-simple-1.1.1.jar;C:\Users\w_ahs\.m2\repository\tech\grasshopper\extentreports-cucumber6-adapter\2.6.0\extentreports-cucumber6-adapter-2.6.0.jar;C:\Users\w_ahs\.m2\repository\com\aventstack\extentreports\5.0.5\extentreports-5.0.5.jar;C:\Users\w_ahs\.m2\repository\io\reactivex\rxjava3\rxjava\3.0.4\rxjava-3.0.4.jar;C:\Users\w_ahs\.m2\repository\org\freemarker\freemarker\2.3.30\freemarker-2.3.30.jar;C:\Users\w_ahs\.m2\repository\org\projectlombok\lombok\1.18.12\lombok-1.18.12.jar;C:\Users\w_ahs\.m2\repository\tech\grasshopper\extent-pdf-report\1.5.0\extent-pdf-report-1.5.0.jar;C:\Users\w_ahs\.m2\repository\tech\grasshopper\cucumber-pdf-report\1.7.0\cucumber-pdf-report-1.7.0.jar;C:\Users\w_ahs\.m2\repository\org\knowm\xchart\xchart\3.6.5\xchart-3.6.5.jar;C:\Users\w_ahs\.m2\repository\de\erichseifert\vectorgraphics2d\VectorGraphics2D\0.13\VectorGraphics2D-0.13.jar;C:\Users\w_ahs\.m2\repository\de\rototor\pdfbox\graphics2d\0.27\graphics2d-0.27.jar;C:\Users\w_ahs\.m2\repository\com\madgag\animated-gif-lib\1.4\animated-gif-lib-1.4.jar;C:\Users\w_ahs\.m2\repository\com\github\vandeseer\easytable\0.7.1\easytable-0.7.1.jar;C:\Users\w_ahs\.m2\repository\org\yaml\snakeyaml\1.27\snakeyaml-1.27.jar;C:\Users\w_ahs\.m2\repository\com\aventstack\klov-reporter\5.0.5\klov-reporter-5.0.5.jar;C:\Users\w_ahs\.m2\repository\org\mongodb\bson\3.6.4\bson-3.6.4.jar;C:\Users\w_ahs\.m2\repository\org\apache\httpcomponents\httpmime\4.5.2\httpmime-4.5.2.jar;C:\Users\w_ahs\.m2\repository\org\mongodb\mongodb-driver\3.3.0\mongodb-driver-3.3.0.jar;C:\Users\w_ahs\.m2\repository\org\mongodb\mongodb-driver-core\3.3.0\mongodb-driver-core-3.3.0.jar;"/>
    <property name="java.vm.vendor" value="Oracle Corporation"/>
    <property name="sun.arch.data.model" value="64"/>
    <property name="user.variant" value=""/>
    <property name="java.vendor.url" value="http://java.oracle.com/"/>
    <property name="user.timezone" value="America/New_York"/>
    <property name="java.vm.specification.version" value="1.8"/>
    <property name="os.name" value="Windows 11"/>
    <property name="user.country" value="CA"/>
    <property name="sun.java.launcher" value="SUN_STANDARD"/>
    <property name="sun.boot.library.path" value="C:\Program Files\Java\jdk1.8.0_333\jre\bin"/>
    <property name="sun.java.command" value="C:\Users\w_ahs\AppData\Local\Temp\surefire2568586611201005606\surefirebooter180981861174382920.jar C:\Users\w_ahs\AppData\Local\Temp\surefire2568586611201005606 2024-08-20T09-53-03_373-jvmRun1 surefire117895748894131916tmp surefire_05083538317264315391tmp"/>
    <property name="surefire.test.class.path" value="C:\Users\w_ahs\eclipse-workspace\TestNG_Hybrid_TutorialsNinja\target\test-classes;C:\Users\w_ahs\eclipse-workspace\TestNG_Hybrid_TutorialsNinja\target\classes;C:\Users\w_ahs\.m2\repository\com\github\ralfstuckert\pdfbox-layout\pdfbox2-layout\1.0.1\pdfbox2-layout-1.0.1.jar;C:\Users\w_ahs\.m2\repository\org\apache\pdfbox\pdfbox\2.0.4\pdfbox-2.0.4.jar;C:\Users\w_ahs\.m2\repository\org\apache\pdfbox\fontbox\2.0.4\fontbox-2.0.4.jar;C:\Program Files\Java\jdk1.8.0_333\lib\tools.jar;C:\Users\w_ahs\.m2\repository\org\seleniumhq\selenium\selenium-java\4.8.3\selenium-java-4.8.3.jar;C:\Users\w_ahs\.m2\repository\org\seleniumhq\selenium\selenium-api\4.8.3\selenium-api-4.8.3.jar;C:\Users\w_ahs\.m2\repository\org\seleniumhq\selenium\selenium-chrome-driver\4.8.3\selenium-chrome-driver-4.8.3.jar;C:\Users\w_ahs\.m2\repository\com\google\auto\service\auto-service-annotations\1.0.1\auto-service-annotations-1.0.1.jar;C:\Users\w_ahs\.m2\repository\com\google\auto\service\auto-service\1.0.1\auto-service-1.0.1.jar;C:\Users\w_ahs\.m2\repository\com\google\auto\auto-common\1.2\auto-common-1.2.jar;C:\Users\w_ahs\.m2\repository\com\google\guava\guava\31.1-jre\guava-31.1-jre.jar;C:\Users\w_ahs\.m2\repository\com\google\guava\failureaccess\1.0.1\failureaccess-1.0.1.jar;C:\Users\w_ahs\.m2\repository\com\google\guava\listenablefuture\9999.0-empty-to-avoid-conflict-with-guava\listenablefuture-9999.0-empty-to-avoid-conflict-with-guava.jar;C:\Users\w_ahs\.m2\repository\org\checkerframework\checker-qual\3.12.0\checker-qual-3.12.0.jar;C:\Users\w_ahs\.m2\repository\com\google\errorprone\error_prone_annotations\2.11.0\error_prone_annotations-2.11.0.jar;C:\Users\w_ahs\.m2\repository\com\google\j2objc\j2objc-annotations\1.3\j2objc-annotations-1.3.jar;C:\Users\w_ahs\.m2\repository\org\seleniumhq\selenium\selenium-chromium-driver\4.8.3\selenium-chromium-driver-4.8.3.jar;C:\Users\w_ahs\.m2\repository\org\seleniumhq\selenium\selenium-json\4.8.3\selenium-json-4.8.3.jar;C:\Users\w_ahs\.m2\repository\org\seleniumhq\selenium\selenium-manager\4.8.3\selenium-manager-4.8.3.jar;C:\Users\w_ahs\.m2\repository\org\seleniumhq\selenium\selenium-devtools-v109\4.8.3\selenium-devtools-v109-4.8.3.jar;C:\Users\w_ahs\.m2\repository\org\seleniumhq\selenium\selenium-devtools-v110\4.8.3\selenium-devtools-v110-4.8.3.jar;C:\Users\w_ahs\.m2\repository\org\seleniumhq\selenium\selenium-devtools-v111\4.8.3\selenium-devtools-v111-4.8.3.jar;C:\Users\w_ahs\.m2\repository\org\seleniumhq\selenium\selenium-devtools-v85\4.8.3\selenium-devtools-v85-4.8.3.jar;C:\Users\w_ahs\.m2\repository\org\seleniumhq\selenium\selenium-edge-driver\4.8.3\selenium-edge-driver-4.8.3.jar;C:\Users\w_ahs\.m2\repository\org\seleniumhq\selenium\selenium-firefox-driver\4.8.3\selenium-firefox-driver-4.8.3.jar;C:\Users\w_ahs\.m2\repository\org\seleniumhq\selenium\selenium-http\4.8.3\selenium-http-4.8.3.jar;C:\Users\w_ahs\.m2\repository\dev\failsafe\failsafe\3.3.1\failsafe-3.3.1.jar;C:\Users\w_ahs\.m2\repository\org\seleniumhq\selenium\selenium-ie-driver\4.8.3\selenium-ie-driver-4.8.3.jar;C:\Users\w_ahs\.m2\repository\org\seleniumhq\selenium\selenium-remote-driver\4.8.3\selenium-remote-driver-4.8.3.jar;C:\Users\w_ahs\.m2\repository\io\netty\netty-buffer\4.1.90.Final\netty-buffer-4.1.90.Final.jar;C:\Users\w_ahs\.m2\repository\io\netty\netty-codec-http\4.1.90.Final\netty-codec-http-4.1.90.Final.jar;C:\Users\w_ahs\.m2\repository\io\netty\netty-codec\4.1.90.Final\netty-codec-4.1.90.Final.jar;C:\Users\w_ahs\.m2\repository\io\netty\netty-handler\4.1.90.Final\netty-handler-4.1.90.Final.jar;C:\Users\w_ahs\.m2\repository\io\netty\netty-common\4.1.90.Final\netty-common-4.1.90.Final.jar;C:\Users\w_ahs\.m2\repository\io\netty\netty-transport-classes-epoll\4.1.90.Final\netty-transport-classes-epoll-4.1.90.Final.jar;C:\Users\w_ahs\.m2\repository\io\netty\netty-transport-classes-kqueue\4.1.90.Final\netty-transport-classes-kqueue-4.1.90.Final.jar;C:\Users\w_ahs\.m2\repository\io\netty\netty-transport-native-epoll\4.1.90.Final\netty-transport-native-epoll-4.1.90.Final.jar;C:\Users\w_ahs\.m2\repository\io\netty\netty-transport-native-kqueue\4.1.90.Final\netty-transport-native-kqueue-4.1.90.Final.jar;C:\Users\w_ahs\.m2\repository\io\netty\netty-transport-native-unix-common\4.1.90.Final\netty-transport-native-unix-common-4.1.90.Final.jar;C:\Users\w_ahs\.m2\repository\io\netty\netty-transport\4.1.90.Final\netty-transport-4.1.90.Final.jar;C:\Users\w_ahs\.m2\repository\io\netty\netty-resolver\4.1.90.Final\netty-resolver-4.1.90.Final.jar;C:\Users\w_ahs\.m2\repository\io\opentelemetry\opentelemetry-api\1.24.0\opentelemetry-api-1.24.0.jar;C:\Users\w_ahs\.m2\repository\io\opentelemetry\opentelemetry-context\1.24.0\opentelemetry-context-1.24.0.jar;C:\Users\w_ahs\.m2\repository\io\opentelemetry\opentelemetry-exporter-logging\1.24.0\opentelemetry-exporter-logging-1.24.0.jar;C:\Users\w_ahs\.m2\repository\io\opentelemetry\opentelemetry-sdk-metrics\1.24.0\opentelemetry-sdk-metrics-1.24.0.jar;C:\Users\w_ahs\.m2\repository\io\opentelemetry\opentelemetry-sdk-logs\1.24.0-alpha\opentelemetry-sdk-logs-1.24.0-alpha.jar;C:\Users\w_ahs\.m2\repository\io\opentelemetry\opentelemetry-api-logs\1.24.0-alpha\opentelemetry-api-logs-1.24.0-alpha.jar;C:\Users\w_ahs\.m2\repository\io\opentelemetry\opentelemetry-api-events\1.24.0-alpha\opentelemetry-api-events-1.24.0-alpha.jar;C:\Users\w_ahs\.m2\repository\io\opentelemetry\opentelemetry-sdk-common\1.24.0\opentelemetry-sdk-common-1.24.0.jar;C:\Users\w_ahs\.m2\repository\io\opentelemetry\opentelemetry-sdk-extension-autoconfigure-spi\1.24.0\opentelemetry-sdk-extension-autoconfigure-spi-1.24.0.jar;C:\Users\w_ahs\.m2\repository\io\opentelemetry\opentelemetry-sdk-extension-autoconfigure\1.24.0-alpha\opentelemetry-sdk-extension-autoconfigure-1.24.0-alpha.jar;C:\Users\w_ahs\.m2\repository\io\opentelemetry\opentelemetry-sdk-trace\1.24.0\opentelemetry-sdk-trace-1.24.0.jar;C:\Users\w_ahs\.m2\repository\io\opentelemetry\opentelemetry-sdk\1.24.0\opentelemetry-sdk-1.24.0.jar;C:\Users\w_ahs\.m2\repository\io\opentelemetry\opentelemetry-semconv\1.24.0-alpha\opentelemetry-semconv-1.24.0-alpha.jar;C:\Users\w_ahs\.m2\repository\io\ous\jtoml\2.0.0\jtoml-2.0.0.jar;C:\Users\w_ahs\.m2\repository\net\bytebuddy\byte-buddy\1.14.2\byte-buddy-1.14.2.jar;C:\Users\w_ahs\.m2\repository\org\apache\commons\commons-exec\1.3\commons-exec-1.3.jar;C:\Users\w_ahs\.m2\repository\org\asynchttpclient\async-http-client\2.12.3\async-http-client-2.12.3.jar;C:\Users\w_ahs\.m2\repository\org\asynchttpclient\async-http-client-netty-utils\2.12.3\async-http-client-netty-utils-2.12.3.jar;C:\Users\w_ahs\.m2\repository\io\netty\netty-codec-socks\4.1.60.Final\netty-codec-socks-4.1.60.Final.jar;C:\Users\w_ahs\.m2\repository\io\netty\netty-handler-proxy\4.1.60.Final\netty-handler-proxy-4.1.60.Final.jar;C:\Users\w_ahs\.m2\repository\io\netty\netty-transport-native-epoll\4.1.60.Final\netty-transport-native-epoll-4.1.60.Final-linux-x86_64.jar;C:\Users\w_ahs\.m2\repository\io\netty\netty-transport-native-kqueue\4.1.60.Final\netty-transport-native-kqueue-4.1.60.Final-osx-x86_64.jar;C:\Users\w_ahs\.m2\repository\org\reactivestreams\reactive-streams\1.0.3\reactive-streams-1.0.3.jar;C:\Users\w_ahs\.m2\repository\com\typesafe\netty\netty-reactive-streams\2.0.4\netty-reactive-streams-2.0.4.jar;C:\Users\w_ahs\.m2\repository\com\sun\activation\jakarta.activation\1.2.2\jakarta.activation-1.2.2.jar;C:\Users\w_ahs\.m2\repository\org\seleniumhq\selenium\selenium-safari-driver\4.8.3\selenium-safari-driver-4.8.3.jar;C:\Users\w_ahs\.m2\repository\org\seleniumhq\selenium\selenium-support\4.8.3\selenium-support-4.8.3.jar;C:\Users\w_ahs\.m2\repository\org\testng\testng\7.5\testng-7.5.jar;C:\Users\w_ahs\.m2\repository\com\google\code\findbugs\jsr305\3.0.1\jsr305-3.0.1.jar;C:\Users\w_ahs\.m2\repository\org\slf4j\slf4j-api\1.7.32\slf4j-api-1.7.32.jar;C:\Users\w_ahs\.m2\repository\com\beust\jcommander\1.78\jcommander-1.78.jar;C:\Users\w_ahs\.m2\repository\org\webjars\jquery\3.5.1\jquery-3.5.1.jar;C:\Users\w_ahs\.m2\repository\io\appium\java-client\7.5.1\java-client-7.5.1.jar;C:\Users\w_ahs\.m2\repository\com\google\code\gson\gson\2.8.6\gson-2.8.6.jar;C:\Users\w_ahs\.m2\repository\org\apache\httpcomponents\httpclient\4.5.13\httpclient-4.5.13.jar;C:\Users\w_ahs\.m2\repository\org\apache\httpcomponents\httpcore\4.4.13\httpcore-4.4.13.jar;C:\Users\w_ahs\.m2\repository\cglib\cglib\3.3.0\cglib-3.3.0.jar;C:\Users\w_ahs\.m2\repository\commons-validator\commons-validator\1.7\commons-validator-1.7.jar;C:\Users\w_ahs\.m2\repository\commons-beanutils\commons-beanutils\1.9.4\commons-beanutils-1.9.4.jar;C:\Users\w_ahs\.m2\repository\commons-digester\commons-digester\2.1\commons-digester-2.1.jar;C:\Users\w_ahs\.m2\repository\org\apache\commons\commons-lang3\3.12.0\commons-lang3-3.12.0.jar;C:\Users\w_ahs\.m2\repository\org\springframework\spring-context\5.3.4\spring-context-5.3.4.jar;C:\Users\w_ahs\.m2\repository\org\springframework\spring-aop\5.3.4\spring-aop-5.3.4.jar;C:\Users\w_ahs\.m2\repository\org\springframework\spring-beans\5.3.4\spring-beans-5.3.4.jar;C:\Users\w_ahs\.m2\repository\org\springframework\spring-core\5.3.4\spring-core-5.3.4.jar;C:\Users\w_ahs\.m2\repository\org\springframework\spring-jcl\5.3.4\spring-jcl-5.3.4.jar;C:\Users\w_ahs\.m2\repository\org\springframework\spring-expression\5.3.4\spring-expression-5.3.4.jar;C:\Users\w_ahs\.m2\repository\org\aspectj\aspectjweaver\1.9.6\aspectjweaver-1.9.6.jar;C:\Users\w_ahs\.m2\repository\io\github\bonigarcia\webdrivermanager\5.7.0\webdrivermanager-5.7.0.jar;C:\Users\w_ahs\.m2\repository\com\github\docker-java\docker-java\3.3.5\docker-java-3.3.5.jar;C:\Users\w_ahs\.m2\repository\com\github\docker-java\docker-java-core\3.3.5\docker-java-core-3.3.5.jar;C:\Users\w_ahs\.m2\repository\com\github\docker-java\docker-java-api\3.3.5\docker-java-api-3.3.5.jar;C:\Users\w_ahs\.m2\repository\org\bouncycastle\bcpkix-jdk18on\1.76\bcpkix-jdk18on-1.76.jar;C:\Users\w_ahs\.m2\repository\org\bouncycastle\bcprov-jdk18on\1.76\bcprov-jdk18on-1.76.jar;C:\Users\w_ahs\.m2\repository\org\bouncycastle\bcutil-jdk18on\1.76\bcutil-jdk18on-1.76.jar;C:\Users\w_ahs\.m2\repository\org\slf4j\jcl-over-slf4j\1.7.30\jcl-over-slf4j-1.7.30.jar;C:\Users\w_ahs\.m2\repository\com\github\docker-java\docker-java-transport-httpclient5\3.3.5\docker-java-transport-httpclient5-3.3.5.jar;C:\Users\w_ahs\.m2\repository\com\github\docker-java\docker-java-transport\3.3.5\docker-java-transport-3.3.5.jar;C:\Users\w_ahs\.m2\repository\net\java\dev\jna\jna\5.13.0\jna-5.13.0.jar;C:\Users\w_ahs\.m2\repository\org\brotli\dec\0.1.2\dec-0.1.2.jar;C:\Users\w_ahs\.m2\repository\org\apache\commons\commons-compress\1.26.0\commons-compress-1.26.0.jar;C:\Users\w_ahs\.m2\repository\org\apache\httpcomponents\client5\httpclient5\5.2.1\httpclient5-5.2.1.jar;C:\Users\w_ahs\.m2\repository\org\apache\httpcomponents\core5\httpcore5\5.2\httpcore5-5.2.jar;C:\Users\w_ahs\.m2\repository\org\apache\httpcomponents\core5\httpcore5-h2\5.2\httpcore5-h2-5.2.jar;C:\Users\w_ahs\.m2\repository\io\cucumber\cucumber-core\6.10.4\cucumber-core-6.10.4.jar;C:\Users\w_ahs\.m2\repository\io\cucumber\cucumber-gherkin\6.10.4\cucumber-gherkin-6.10.4.jar;C:\Users\w_ahs\.m2\repository\io\cucumber\cucumber-gherkin-messages\6.10.4\cucumber-gherkin-messages-6.10.4.jar;C:\Users\w_ahs\.m2\repository\io\cucumber\messages\15.0.0\messages-15.0.0.jar;C:\Users\w_ahs\.m2\repository\io\cucumber\tag-expressions\3.0.1\tag-expressions-3.0.1.jar;C:\Users\w_ahs\.m2\repository\io\cucumber\cucumber-expressions\10.3.0\cucumber-expressions-10.3.0.jar;C:\Users\w_ahs\.m2\repository\io\cucumber\datatable\3.5.0\datatable-3.5.0.jar;C:\Users\w_ahs\.m2\repository\io\cucumber\cucumber-plugin\6.10.4\cucumber-plugin-6.10.4.jar;C:\Users\w_ahs\.m2\repository\io\cucumber\docstring\6.10.4\docstring-6.10.4.jar;C:\Users\w_ahs\.m2\repository\io\cucumber\html-formatter\13.0.0\html-formatter-13.0.0.jar;C:\Users\w_ahs\.m2\repository\io\cucumber\create-meta\4.0.0\create-meta-4.0.0.jar;C:\Users\w_ahs\.m2\repository\org\apiguardian\apiguardian-api\1.1.1\apiguardian-api-1.1.1.jar;C:\Users\w_ahs\.m2\repository\io\cucumber\cucumber-java\6.10.4\cucumber-java-6.10.4.jar;C:\Users\w_ahs\.m2\repository\io\cucumber\cucumber-junit\6.10.4\cucumber-junit-6.10.4.jar;C:\Users\w_ahs\.m2\repository\io\cucumber\cucumber-testng\6.10.4\cucumber-testng-6.10.4.jar;C:\Users\w_ahs\.m2\repository\io\cucumber\cucumber-jvm-deps\1.0.6\cucumber-jvm-deps-1.0.6.jar;C:\Users\w_ahs\.m2\repository\net\masterthought\cucumber-reporting\5.5.3\cucumber-reporting-5.5.3.jar;C:\Users\w_ahs\.m2\repository\com\fasterxml\jackson\core\jackson-databind\2.12.1\jackson-databind-2.12.1.jar;C:\Users\w_ahs\.m2\repository\com\fasterxml\jackson\core\jackson-annotations\2.12.1\jackson-annotations-2.12.1.jar;C:\Users\w_ahs\.m2\repository\com\fasterxml\jackson\core\jackson-core\2.12.1\jackson-core-2.12.1.jar;C:\Users\w_ahs\.m2\repository\com\fasterxml\jackson\datatype\jackson-datatype-jsr310\2.12.1\jackson-datatype-jsr310-2.12.1.jar;C:\Users\w_ahs\.m2\repository\org\apache\velocity\velocity-engine-core\2.2\velocity-engine-core-2.2.jar;C:\Users\w_ahs\.m2\repository\commons-collections\commons-collections\3.2.2\commons-collections-3.2.2.jar;C:\Users\w_ahs\.m2\repository\joda-time\joda-time\2.10.9\joda-time-2.10.9.jar;C:\Users\w_ahs\.m2\repository\org\codehaus\plexus\plexus-utils\3.3.0\plexus-utils-3.3.0.jar;C:\Users\w_ahs\.m2\repository\org\jsoup\jsoup\1.13.1\jsoup-1.13.1.jar;C:\Users\w_ahs\.m2\repository\com\googlecode\owasp-java-html-sanitizer\owasp-java-html-sanitizer\20200713.1\owasp-java-html-sanitizer-20200713.1.jar;C:\Users\w_ahs\.m2\repository\commons-configuration\commons-configuration\1.10\commons-configuration-1.10.jar;C:\Users\w_ahs\.m2\repository\commons-lang\commons-lang\2.6\commons-lang-2.6.jar;C:\Users\w_ahs\.m2\repository\org\hamcrest\hamcrest-core\2.2\hamcrest-core-2.2.jar;C:\Users\w_ahs\.m2\repository\org\hamcrest\hamcrest\2.2\hamcrest-2.2.jar;C:\Users\w_ahs\.m2\repository\io\cucumber\gherkin\5.1.0\gherkin-5.1.0.jar;C:\Users\w_ahs\.m2\repository\io\cucumber\gherkin-jvm-deps\1.0.4\gherkin-jvm-deps-1.0.4.jar;C:\Users\w_ahs\.m2\repository\net\sourceforge\cobertura\cobertura\2.1.1\cobertura-2.1.1.jar;C:\Users\w_ahs\.m2\repository\org\ow2\asm\asm\5.0.1\asm-5.0.1.jar;C:\Users\w_ahs\.m2\repository\org\ow2\asm\asm-tree\5.0.1\asm-tree-5.0.1.jar;C:\Users\w_ahs\.m2\repository\org\ow2\asm\asm-commons\5.0.1\asm-commons-5.0.1.jar;C:\Users\w_ahs\.m2\repository\org\ow2\asm\asm-util\5.0.1\asm-util-5.0.1.jar;C:\Users\w_ahs\.m2\repository\org\ow2\asm\asm-analysis\5.0.1\asm-analysis-5.0.1.jar;C:\Users\w_ahs\.m2\repository\oro\oro\2.0.8\oro-2.0.8.jar;C:\Users\w_ahs\.m2\repository\jaxen\jaxen\1.1.4\jaxen-1.1.4.jar;C:\Users\w_ahs\.m2\repository\org\apache\ant\ant\1.8.3\ant-1.8.3.jar;C:\Users\w_ahs\.m2\repository\org\apache\ant\ant-launcher\1.8.3\ant-launcher-1.8.3.jar;C:\Users\w_ahs\.m2\repository\org\apache\ant\ant-junit\1.8.3\ant-junit-1.8.3.jar;C:\Users\w_ahs\.m2\repository\org\mortbay\jetty\servlet-api-2.5\6.1.14\servlet-api-2.5-6.1.14.jar;C:\Users\w_ahs\.m2\repository\org\mortbay\jetty\jetty\6.1.14\jetty-6.1.14.jar;C:\Users\w_ahs\.m2\repository\org\mortbay\jetty\jetty-util\6.1.14\jetty-util-6.1.14.jar;C:\Users\w_ahs\.m2\repository\ch\qos\logback\logback-classic\1.0.13\logback-classic-1.0.13.jar;C:\Users\w_ahs\.m2\repository\ch\qos\logback\logback-core\1.0.13\logback-core-1.0.13.jar;C:\Users\w_ahs\.m2\repository\junit\junit\4.11\junit-4.11.jar;C:\Users\w_ahs\.m2\repository\org\apache\poi\poi-ooxml\4.1.1\poi-ooxml-4.1.1.jar;C:\Users\w_ahs\.m2\repository\com\github\virtuald\curvesapi\1.06\curvesapi-1.06.jar;C:\Users\w_ahs\.m2\repository\org\apache\poi\poi\4.1.1\poi-4.1.1.jar;C:\Users\w_ahs\.m2\repository\commons-codec\commons-codec\1.13\commons-codec-1.13.jar;C:\Users\w_ahs\.m2\repository\org\apache\commons\commons-collections4\4.4\commons-collections4-4.4.jar;C:\Users\w_ahs\.m2\repository\org\apache\commons\commons-math3\3.6.1\commons-math3-3.6.1.jar;C:\Users\w_ahs\.m2\repository\org\apache\poi\poi-ooxml-schemas\4.1.1\poi-ooxml-schemas-4.1.1.jar;C:\Users\w_ahs\.m2\repository\org\apache\xmlbeans\xmlbeans\3.1.0\xmlbeans-3.1.0.jar;C:\Users\w_ahs\.m2\repository\commons-io\commons-io\2.6\commons-io-2.6.jar;C:\Users\w_ahs\.m2\repository\org\apache\httpcomponents\fluent-hc\4.5.13\fluent-hc-4.5.13.jar;C:\Users\w_ahs\.m2\repository\commons-logging\commons-logging\1.2\commons-logging-1.2.jar;C:\Users\w_ahs\.m2\repository\org\apache\poi\poi-scratchpad\4.1.1\poi-scratchpad-4.1.1.jar;C:\Users\w_ahs\.m2\repository\org\apache\poi\openxml4j\1.0-beta\openxml4j-1.0-beta.jar;C:\Users\w_ahs\.m2\repository\dom4j\dom4j\1.6.1\dom4j-1.6.1.jar;C:\Users\w_ahs\.m2\repository\xml-apis\xml-apis\1.0.b2\xml-apis-1.0.b2.jar;C:\Users\w_ahs\.m2\repository\log4j\log4j\1.2.8\log4j-1.2.8.jar;C:\Users\w_ahs\.m2\repository\com\googlecode\json-simple\json-simple\1.1.1\json-simple-1.1.1.jar;C:\Users\w_ahs\.m2\repository\tech\grasshopper\extentreports-cucumber6-adapter\2.6.0\extentreports-cucumber6-adapter-2.6.0.jar;C:\Users\w_ahs\.m2\repository\com\aventstack\extentreports\5.0.5\extentreports-5.0.5.jar;C:\Users\w_ahs\.m2\repository\io\reactivex\rxjava3\rxjava\3.0.4\rxjava-3.0.4.jar;C:\Users\w_ahs\.m2\repository\org\freemarker\freemarker\2.3.30\freemarker-2.3.30.jar;C:\Users\w_ahs\.m2\repository\org\projectlombok\lombok\1.18.12\lombok-1.18.12.jar;C:\Users\w_ahs\.m2\repository\tech\grasshopper\extent-pdf-report\1.5.0\extent-pdf-report-1.5.0.jar;C:\Users\w_ahs\.m2\repository\tech\grasshopper\cucumber-pdf-report\1.7.0\cucumber-pdf-report-1.7.0.jar;C:\Users\w_ahs\.m2\repository\org\knowm\xchart\xchart\3.6.5\xchart-3.6.5.jar;C:\Users\w_ahs\.m2\repository\de\erichseifert\vectorgraphics2d\VectorGraphics2D\0.13\VectorGraphics2D-0.13.jar;C:\Users\w_ahs\.m2\repository\de\rototor\pdfbox\graphics2d\0.27\graphics2d-0.27.jar;C:\Users\w_ahs\.m2\repository\com\madgag\animated-gif-lib\1.4\animated-gif-lib-1.4.jar;C:\Users\w_ahs\.m2\repository\com\github\vandeseer\easytable\0.7.1\easytable-0.7.1.jar;C:\Users\w_ahs\.m2\repository\org\yaml\snakeyaml\1.27\snakeyaml-1.27.jar;C:\Users\w_ahs\.m2\repository\com\aventstack\klov-reporter\5.0.5\klov-reporter-5.0.5.jar;C:\Users\w_ahs\.m2\repository\org\mongodb\bson\3.6.4\bson-3.6.4.jar;C:\Users\w_ahs\.m2\repository\org\apache\httpcomponents\httpmime\4.5.2\httpmime-4.5.2.jar;C:\Users\w_ahs\.m2\repository\org\mongodb\mongodb-driver\3.3.0\mongodb-driver-3.3.0.jar;C:\Users\w_ahs\.m2\repository\org\mongodb\mongodb-driver-core\3.3.0\mongodb-driver-core-3.3.0.jar;"/>
    <property name="sun.cpu.endian" value="little"/>
    <property name="user.home" value="C:\Users\w_ahs"/>
    <property name="user.language" value="en"/>
    <property name="java.specification.vendor" value="Oracle Corporation"/>
    <property name="java.home" value="C:\Program Files\Java\jdk1.8.0_333\jre"/>
    <property name="basedir" value="C:\Users\w_ahs\eclipse-workspace\TestNG_Hybrid_TutorialsNinja"/>
    <property name="file.separator" value="\"/>
    <property name="line.separator" value="&#10;"/>
    <property name="java.vm.specification.vendor" value="Oracle Corporation"/>
    <property name="java.specification.name" value="Java Platform API Specification"/>
    <property name="java.awt.graphicsenv" value="sun.awt.Win32GraphicsEnvironment"/>
    <property name="surefire.real.class.path" value="C:\Users\w_ahs\AppData\Local\Temp\surefire2568586611201005606\surefirebooter180981861174382920.jar"/>
    <property name="sun.boot.class.path" value="C:\Program Files\Java\jdk1.8.0_333\jre\lib\resources.jar;C:\Program Files\Java\jdk1.8.0_333\jre\lib\rt.jar;C:\Program Files\Java\jdk1.8.0_333\jre\lib\sunrsasign.jar;C:\Program Files\Java\jdk1.8.0_333\jre\lib\jsse.jar;C:\Program Files\Java\jdk1.8.0_333\jre\lib\jce.jar;C:\Program Files\Java\jdk1.8.0_333\jre\lib\charsets.jar;C:\Program Files\Java\jdk1.8.0_333\jre\lib\jfr.jar;C:\Program Files\Java\jdk1.8.0_333\jre\classes"/>
    <property name="user.script" value=""/>
    <property name="sun.management.compiler" value="HotSpot 64-Bit Tiered Compilers"/>
    <property name="java.runtime.version" value="1.8.0_333-b02"/>
    <property name="user.name" value="w_ahs"/>
    <property name="path.separator" value=";"/>
    <property name="os.version" value="10.0"/>
    <property name="java.endorsed.dirs" value="C:\Program Files\Java\jdk1.8.0_333\jre\lib\endorsed"/>
    <property name="java.runtime.name" value="Java(TM) SE Runtime Environment"/>
    <property name="file.encoding" value="Cp1252"/>
    <property name="java.vm.name" value="Java HotSpot(TM) 64-Bit Server VM"/>
    <property name="localRepository" value="C:\Users\w_ahs\.m2\repository"/>
    <property name="java.vendor.url.bug" value="http://bugreport.sun.com/bugreport/"/>
    <property name="java.io.tmpdir" value="C:\Users\w_ahs\AppData\Local\Temp\"/>
    <property name="java.version" value="1.8.0_333"/>
    <property name="user.dir" value="C:\Users\w_ahs\eclipse-workspace\TestNG_Hybrid_TutorialsNinja"/>
    <property name="os.arch" value="amd64"/>
    <property name="java.vm.specification.name" value="Java Virtual Machine Specification"/>
    <property name="java.awt.printerjob" value="sun.awt.windows.WPrinterJob"/>
    <property name="sun.os.patch.level" value=""/>
    <property name="java.library.path" value="C:\Program Files\Java\jdk1.8.0_333\jre\bin;C:\WINDOWS\Sun\Java\bin;C:\WINDOWS\system32;C:\WINDOWS;C:\apache-maven-3.8.6/bin;C:\Program Files\Java\jdk1.8.0_333/bin;C:\Program Files\Java\jdk1.8.0_333/bin;C:\Program Files (x86)\Common Files\Oracle\Java\javapath;C:\Program Files (x86)\VMware\VMware Workstation\bin\;C:\WINDOWS\system32;C:\WINDOWS;C:\WINDOWS\System32\Wbem;C:\WINDOWS\System32\WindowsPowerShell\v1.0\;C:\WINDOWS\System32\OpenSSH\;C:\Program Files\Java\jdk1.8.0_333\bin;C:\Program Files\Git\cmd;C:\Program Files\Git\bin;C:\apache-maven-3.8.6\bin\;C:\apache-maven-3.8.6\\bin;C:\apache-maven-3.8.6\;C:\Program Files\MySQL\MySQL Server 8.0\bin;C:\Program Files\MySQL\MySQL Shell 8.0\bin\;C:\Users\w_ahs\AppData\Local\Microsoft\WindowsApps;;."/>
    <property name="java.vm.info" value="mixed mode"/>
    <property name="java.vendor" value="Oracle Corporation"/>
    <property name="java.vm.version" value="25.333-b02"/>
    <property name="java.ext.dirs" value="C:\Program Files\Java\jdk1.8.0_333\jre\lib\ext;C:\WINDOWS\Sun\Java\lib\ext"/>
    <property name="sun.io.unicode.encoding" value="UnicodeLittle"/>
    <property name="java.class.version" value="52.0"/>
  </properties>
  <testcase name="verifyLoginWithNoCredentials" classname="com.qa.ninjatutorials.testcases.LoginTest" time="2.3">
    <failure message="The path to the driver executable Unable to locate the chromedriver executable; for more information on how to install drivers, see https://www.selenium.dev/documentation/webdriver/getting_started/install_drivers/" type="java.lang.IllegalStateException">java.lang.IllegalStateException: The path to the driver executable Unable to locate the chromedriver executable; for more information on how to install drivers, see https://www.selenium.dev/documentation/webdriver/getting_started/install_drivers/
	at com.qa.ninjatutorials.testcases.LoginTest.verifyLoginWithNoCredentials(LoginTest.java:58)
</failure>
    <system-out><![CDATA[[DEBUG] [Graph] ADDING NODE RegisterTest.setup()[pri:0, instance:null] 1582982552
[DEBUG] [Graph] ================ SORTING
[DEBUG] [Graph] =============== DONE SORTING
[DEBUG] [Graph] ====== SORTED NODES
[DEBUG] [Graph] ====== END SORTED NODES
[DEBUG] [Graph] ADDING NODE RegisterTest.teardown()[pri:0, instance:null] -1006159585
[DEBUG] [Graph] ================ SORTING
[DEBUG] [Graph] =============== DONE SORTING
[DEBUG] [Graph] ====== SORTED NODES
[DEBUG] [Graph] ====== END SORTED NODES
[DEBUG] [Graph] ADDING NODE SearchTest.setUp()[pri:0, instance:null] -16237069
[DEBUG] [Graph] ================ SORTING
[DEBUG] [Graph] =============== DONE SORTING
[DEBUG] [Graph] ====== SORTED NODES
[DEBUG] [Graph] ====== END SORTED NODES
[DEBUG] [Graph] ADDING NODE SearchTest.tearDown()[pri:0, instance:null] 1699139980
[DEBUG] [Graph] ================ SORTING
[DEBUG] [Graph] =============== DONE SORTING
[DEBUG] [Graph] ====== SORTED NODES
[DEBUG] [Graph] ====== END SORTED NODES
[DEBUG] [Graph] ADDING NODE LoginTest.verifyLoginWithValidCredentials()[pri:6, instance:com.qa.ninjatutorials.testcases.LoginTest@2133814f] 1343771702
[DEBUG] [Graph] ADDING NODE LoginTest.verifyValidEmailInvalidPassword()[pri:4, instance:com.qa.ninjatutorials.testcases.LoginTest@2133814f] 2086065371
[DEBUG] [Graph] ADDING NODE LoginTest.verifyLoginWithInvalidCredentials()[pri:5, instance:com.qa.ninjatutorials.testcases.LoginTest@2133814f] -1569896135
[DEBUG] [Graph] ADDING NODE LoginTest.verifyInvalidEmailNoPassword()[pri:2, instance:com.qa.ninjatutorials.testcases.LoginTest@2133814f] -2004139526
[DEBUG] [Graph] ADDING NODE LoginTest.verifyValidEmailNoPassword()[pri:3, instance:com.qa.ninjatutorials.testcases.LoginTest@2133814f] -897548873
[DEBUG] [Graph] ADDING NODE LoginTest.verifyLoginWithNoCredentials()[pri:1, instance:com.qa.ninjatutorials.testcases.LoginTest@2133814f] 2102134823
[DEBUG] [Graph] ADDING NODE RegisterTest.verifyRegistrationWithMandatoryFields()[pri:2, instance:com.qa.ninjatutorials.testcases.RegisterTest@23529fee] 307454801
[DEBUG] [Graph] ADDING NODE RegisterTest.verifyRegistrationWithoutFillingAnyDetails()[pri:1, instance:com.qa.ninjatutorials.testcases.RegisterTest@23529fee] -1157067660
[DEBUG] [Graph] ADDING NODE RegisterTest.verifyRegistrationWithAllFields()[pri:3, instance:com.qa.ninjatutorials.testcases.RegisterTest@23529fee] -1844301175
[DEBUG] [Graph] ADDING NODE SearchTest.verifySearchWithValidProduct()[pri:3, instance:com.qa.ninjatutorials.testcases.SearchTest@6dbb137d] -83154933
[DEBUG] [Graph] ADDING NODE SearchTest.verifySearchWithoutAnyContent()[pri:1, instance:com.qa.ninjatutorials.testcases.SearchTest@6dbb137d] 458062273
[DEBUG] [Graph] ADDING NODE SearchTest.verifySearchWithInvalidProduct()[pri:2, instance:com.qa.ninjatutorials.testcases.SearchTest@6dbb137d] 953936904
[DEBUG] [Graph] ================ SORTING
[DEBUG] [Graph] =============== DONE SORTING
[DEBUG] [Graph] ====== SORTED NODES
[DEBUG] [Graph] ====== END SORTED NODES
]]></system-out>
    <system-err><![CDATA[Aug 20, 2024 9:53:06 AM org.openqa.selenium.remote.service.DriverFinder getPath
WARNING: Unable to obtain chromedriver using Selenium Manager: Unsuccessful command executed: [C:\Users\w_ahs\AppData\Local\Temp\selenium-manager49237352253335005035858050991420127\selenium-manager.exe, --browser, chrome, --output, json]
The chromedriver version cannot be discovered
Build info: version: '4.8.3', revision: 'e5e76298c3'
System info: os.name: 'Windows 11', os.arch: 'amd64', os.version: '10.0', java.version: '1.8.0_333'
Driver info: driver.version: ChromeDriver
]]></system-err>
  </testcase>
  <testcase name="verifyInvalidEmailNoPassword" classname="com.qa.ninjatutorials.testcases.LoginTest" time="1.51">
    <failure message="The path to the driver executable Unable to locate the chromedriver executable; for more information on how to install drivers, see https://www.selenium.dev/documentation/webdriver/getting_started/install_drivers/" type="java.lang.IllegalStateException">java.lang.IllegalStateException: The path to the driver executable Unable to locate the chromedriver executable; for more information on how to install drivers, see https://www.selenium.dev/documentation/webdriver/getting_started/install_drivers/
	at com.qa.ninjatutorials.testcases.LoginTest.verifyInvalidEmailNoPassword(LoginTest.java:79)
</failure>
    <system-err><![CDATA[Aug 20, 2024 9:53:08 AM org.openqa.selenium.remote.service.DriverFinder getPath
WARNING: Unable to obtain chromedriver using Selenium Manager: Unsuccessful command executed: [C:\Users\w_ahs\AppData\Local\Temp\selenium-manager49237352253335005035858050991420127\selenium-manager.exe, --browser, chrome, --output, json]
The chromedriver version cannot be discovered
Build info: version: '4.8.3', revision: 'e5e76298c3'
System info: os.name: 'Windows 11', os.arch: 'amd64', os.version: '10.0', java.version: '1.8.0_333'
Driver info: driver.version: ChromeDriver
]]></system-err>
  </testcase>
  <testcase name="verifyValidEmailNoPassword" classname="com.qa.ninjatutorials.testcases.LoginTest" time="1.549">
    <failure message="The path to the driver executable Unable to locate the chromedriver executable; for more information on how to install drivers, see https://www.selenium.dev/documentation/webdriver/getting_started/install_drivers/" type="java.lang.IllegalStateException">java.lang.IllegalStateException: The path to the driver executable Unable to locate the chromedriver executable; for more information on how to install drivers, see https://www.selenium.dev/documentation/webdriver/getting_started/install_drivers/
	at com.qa.ninjatutorials.testcases.LoginTest.verifyValidEmailNoPassword(LoginTest.java:95)
</failure>
    <system-err><![CDATA[Aug 20, 2024 9:53:09 AM org.openqa.selenium.remote.service.DriverFinder getPath
WARNING: Unable to obtain chromedriver using Selenium Manager: Unsuccessful command executed: [C:\Users\w_ahs\AppData\Local\Temp\selenium-manager49237352253335005035858050991420127\selenium-manager.exe, --browser, chrome, --output, json]
The chromedriver version cannot be discovered
Build info: version: '4.8.3', revision: 'e5e76298c3'
System info: os.name: 'Windows 11', os.arch: 'amd64', os.version: '10.0', java.version: '1.8.0_333'
Driver info: driver.version: ChromeDriver
]]></system-err>
  </testcase>
  <testcase name="verifyValidEmailInvalidPassword" classname="com.qa.ninjatutorials.testcases.LoginTest" time="1.442">
    <failure message="The path to the driver executable Unable to locate the chromedriver executable; for more information on how to install drivers, see https://www.selenium.dev/documentation/webdriver/getting_started/install_drivers/" type="java.lang.IllegalStateException">java.lang.IllegalStateException: The path to the driver executable Unable to locate the chromedriver executable; for more information on how to install drivers, see https://www.selenium.dev/documentation/webdriver/getting_started/install_drivers/
	at com.qa.ninjatutorials.testcases.LoginTest.verifyValidEmailInvalidPassword(LoginTest.java:111)
</failure>
    <system-err><![CDATA[Aug 20, 2024 9:53:11 AM org.openqa.selenium.remote.service.DriverFinder getPath
WARNING: Unable to obtain chromedriver using Selenium Manager: Unsuccessful command executed: [C:\Users\w_ahs\AppData\Local\Temp\selenium-manager49237352253335005035858050991420127\selenium-manager.exe, --browser, chrome, --output, json]
The chromedriver version cannot be discovered
Build info: version: '4.8.3', revision: 'e5e76298c3'
System info: os.name: 'Windows 11', os.arch: 'amd64', os.version: '10.0', java.version: '1.8.0_333'
Driver info: driver.version: ChromeDriver
]]></system-err>
  </testcase>
  <testcase name="verifyLoginWithInvalidCredentials" classname="com.qa.ninjatutorials.testcases.LoginTest" time="1.467">
    <failure message="The path to the driver executable Unable to locate the chromedriver executable; for more information on how to install drivers, see https://www.selenium.dev/documentation/webdriver/getting_started/install_drivers/" type="java.lang.IllegalStateException">java.lang.IllegalStateException: The path to the driver executable Unable to locate the chromedriver executable; for more information on how to install drivers, see https://www.selenium.dev/documentation/webdriver/getting_started/install_drivers/
	at com.qa.ninjatutorials.testcases.LoginTest.verifyLoginWithInvalidCredentials(LoginTest.java:36)
</failure>
    <system-err><![CDATA[Aug 20, 2024 9:53:12 AM org.openqa.selenium.remote.service.DriverFinder getPath
WARNING: Unable to obtain chromedriver using Selenium Manager: Unsuccessful command executed: [C:\Users\w_ahs\AppData\Local\Temp\selenium-manager49237352253335005035858050991420127\selenium-manager.exe, --browser, chrome, --output, json]
The chromedriver version cannot be discovered
Build info: version: '4.8.3', revision: 'e5e76298c3'
System info: os.name: 'Windows 11', os.arch: 'amd64', os.version: '10.0', java.version: '1.8.0_333'
Driver info: driver.version: ChromeDriver
]]></system-err>
  </testcase>
  <testcase name="verifyLoginWithValidCredentials" classname="com.qa.ninjatutorials.testcases.LoginTest" time="1.552">
    <failure message="The path to the driver executable Unable to locate the chromedriver executable; for more information on how to install drivers, see https://www.selenium.dev/documentation/webdriver/getting_started/install_drivers/" type="java.lang.IllegalStateException">java.lang.IllegalStateException: The path to the driver executable Unable to locate the chromedriver executable; for more information on how to install drivers, see https://www.selenium.dev/documentation/webdriver/getting_started/install_drivers/
	at com.qa.ninjatutorials.testcases.LoginTest.verifyLoginWithValidCredentials(LoginTest.java:17)
</failure>
    <system-err><![CDATA[Aug 20, 2024 9:53:14 AM org.openqa.selenium.remote.service.DriverFinder getPath
WARNING: Unable to obtain chromedriver using Selenium Manager: Unsuccessful command executed: [C:\Users\w_ahs\AppData\Local\Temp\selenium-manager49237352253335005035858050991420127\selenium-manager.exe, --browser, chrome, --output, json]
The chromedriver version cannot be discovered
Build info: version: '4.8.3', revision: 'e5e76298c3'
System info: os.name: 'Windows 11', os.arch: 'amd64', os.version: '10.0', java.version: '1.8.0_333'
Driver info: driver.version: ChromeDriver
]]></system-err>
  </testcase>
  <testcase name="setup" classname="com.qa.ninjatutorials.testcases.RegisterTest" time="3.193">
    <failure message="The path to the driver executable Unable to locate the chromedriver executable; for more information on how to install drivers, see https://www.selenium.dev/documentation/webdriver/getting_started/install_drivers/" type="java.lang.IllegalStateException">java.lang.IllegalStateException: The path to the driver executable Unable to locate the chromedriver executable; for more information on how to install drivers, see https://www.selenium.dev/documentation/webdriver/getting_started/install_drivers/
	at com.qa.ninjatutorials.testcases.RegisterTest.setup(RegisterTest.java:20)
</failure>
    <system-err><![CDATA[Aug 20, 2024 9:53:16 AM org.openqa.selenium.remote.service.DriverFinder getPath
WARNING: Unable to obtain chromedriver using Selenium Manager: Unsuccessful command executed: [C:\Users\w_ahs\AppData\Local\Temp\selenium-manager49237352253335005035858050991420127\selenium-manager.exe, --browser, chrome, --output, json]
The chromedriver version cannot be discovered
Build info: version: '4.8.3', revision: 'e5e76298c3'
System info: os.name: 'Windows 11', os.arch: 'amd64', os.version: '10.0', java.version: '1.8.0_333'
Driver info: driver.version: ChromeDriver
]]></system-err>
  </testcase>
  <testcase name="setup" classname="com.qa.ninjatutorials.testcases.RegisterTest" time="0">
    <skipped/>
  </testcase>
  <testcase name="setup" classname="com.qa.ninjatutorials.testcases.RegisterTest" time="0">
    <skipped/>
  </testcase>
  <testcase name="verifyRegistrationWithoutFillingAnyDetails" classname="com.qa.ninjatutorials.testcases.RegisterTest" time="0">
    <skipped message="The path to the driver executable Unable to locate the chromedriver executable; for more information on how to install drivers, see https://www.selenium.dev/documentation/webdriver/getting_started/install_drivers/"/>
  </testcase>
  <testcase name="teardown" classname="com.qa.ninjatutorials.testcases.RegisterTest" time="0">
    <skipped/>
  </testcase>
  <testcase name="teardown" classname="com.qa.ninjatutorials.testcases.RegisterTest" time="0">
    <skipped/>
  </testcase>
  <testcase name="teardown" classname="com.qa.ninjatutorials.testcases.RegisterTest" time="0">
    <skipped/>
  </testcase>
  <testcase name="verifyRegistrationWithMandatoryFields" classname="com.qa.ninjatutorials.testcases.RegisterTest" time="0">
    <skipped message="The path to the driver executable Unable to locate the chromedriver executable; for more information on how to install drivers, see https://www.selenium.dev/documentation/webdriver/getting_started/install_drivers/"/>
  </testcase>
  <testcase name="verifyRegistrationWithAllFields" classname="com.qa.ninjatutorials.testcases.RegisterTest" time="0">
    <skipped message="The path to the driver executable Unable to locate the chromedriver executable; for more information on how to install drivers, see https://www.selenium.dev/documentation/webdriver/getting_started/install_drivers/"/>
  </testcase>
  <testcase name="setUp" classname="com.qa.ninjatutorials.testcases.SearchTest" time="1.651">
    <failure message="The path to the driver executable Unable to locate the chromedriver executable; for more information on how to install drivers, see https://www.selenium.dev/documentation/webdriver/getting_started/install_drivers/" type="java.lang.IllegalStateException">java.lang.IllegalStateException: The path to the driver executable Unable to locate the chromedriver executable; for more information on how to install drivers, see https://www.selenium.dev/documentation/webdriver/getting_started/install_drivers/
	at com.qa.ninjatutorials.testcases.SearchTest.setUp(SearchTest.java:20)
</failure>
    <system-err><![CDATA[Aug 20, 2024 9:53:17 AM org.openqa.selenium.remote.service.DriverFinder getPath
WARNING: Unable to obtain chromedriver using Selenium Manager: Unsuccessful command executed: [C:\Users\w_ahs\AppData\Local\Temp\selenium-manager49237352253335005035858050991420127\selenium-manager.exe, --browser, chrome, --output, json]
The chromedriver version cannot be discovered
Build info: version: '4.8.3', revision: 'e5e76298c3'
System info: os.name: 'Windows 11', os.arch: 'amd64', os.version: '10.0', java.version: '1.8.0_333'
Driver info: driver.version: ChromeDriver
]]></system-err>
  </testcase>
  <testcase name="setUp" classname="com.qa.ninjatutorials.testcases.SearchTest" time="0">
    <skipped/>
  </testcase>
  <testcase name="setUp" classname="com.qa.ninjatutorials.testcases.SearchTest" time="0">
    <skipped/>
  </testcase>
  <testcase name="verifySearchWithoutAnyContent" classname="com.qa.ninjatutorials.testcases.SearchTest" time="0">
    <skipped message="The path to the driver executable Unable to locate the chromedriver executable; for more information on how to install drivers, see https://www.selenium.dev/documentation/webdriver/getting_started/install_drivers/"/>
  </testcase>
  <testcase name="tearDown" classname="com.qa.ninjatutorials.testcases.SearchTest" time="0">
    <skipped/>
  </testcase>
  <testcase name="tearDown" classname="com.qa.ninjatutorials.testcases.SearchTest" time="0">
    <skipped/>
  </testcase>
  <testcase name="tearDown" classname="com.qa.ninjatutorials.testcases.SearchTest" time="0">
    <skipped/>
  </testcase>
  <testcase name="verifySearchWithInvalidProduct" classname="com.qa.ninjatutorials.testcases.SearchTest" time="0">
    <skipped message="The path to the driver executable Unable to locate the chromedriver executable; for more information on how to install drivers, see https://www.selenium.dev/documentation/webdriver/getting_started/install_drivers/"/>
  </testcase>
  <testcase name="verifySearchWithValidProduct" classname="com.qa.ninjatutorials.testcases.SearchTest" time="0">
    <skipped message="The path to the driver executable Unable to locate the chromedriver executable; for more information on how to install drivers, see https://www.selenium.dev/documentation/webdriver/getting_started/install_drivers/"/>
  </testcase>
</testsuite>